<?xml version="1.0" encoding="UTF-8"?>
<testsuite xmlns:xsi="http://www.w3.org/2001/XMLSchema-instance" xsi:noNamespaceSchemaLocation="https://maven.apache.org/surefire/maven-surefire-plugin/xsd/surefire-test-report.xsd" version="3.0.2" name="com.mcnz.spring.app.CrudRestJpaDemoApplicationTests" time="3.845" tests="1" errors="0" skipped="0" failures="0">
  <properties>
[...]
</properties>
  <testcase name="contextLoads" classname="com.mcnz.spring.app.CrudRestJpaDemoApplicationTests" time="0.326">
    <system-out><![CDATA[12:10:58.108 [main] INFO org.springframework.test.context.support.AnnotationConfigContextLoaderUtils -- Could not detect default configuration classes for test class [com.mcnz.spring.app.CrudRestJpaDemoApplicationTests]: CrudRestJpaDemoApplicationTests does not declare any static, non-private, non-final, nested classes annotated with @Configuration.
12:10:58.173 [main] INFO org.springframework.boot.test.context.SpringBootTestContextBootstrapper -- Found @SpringBootConfiguration com.mcnz.spring.app.CrudRestJpaDemoApplication for test class com.mcnz.spring.app.CrudRestJpaDemoApplicationTests
12:10:58.271 [main] INFO org.springframework.boot.devtools.restart.RestartApplicationListener -- Restart disabled due to context in which it is running

  .   ____          _            __ _ _
 /\\ / ___'_ __ _ _(_)_ __  __ _ \ \ \ \
( ( )\___ | '_ | '_| | '_ \/ _` | \ \ \ \
 \\/  ___)| |_)| | | | | || (_| |  ) ) ) )
  '  |____| .__|_| |_|_| |_\__, | / / / /
 =========|_|==============|___/=/_/_/_/

 :: Spring Boot ::                (v3.5.7)

2025-11-28T12:10:58.465-03:00  INFO 24338 --- [CrudRestJPADemo] [           main] c.m.s.a.CrudRestJpaDemoApplicationTests  : Starting CrudRestJpaDemoApplicationTests using Java 21.0.9 with PID 24338 (started by pedrofinochio in /home/pedrofinochio/Library)
2025-11-28T12:10:58.466-03:00 DEBUG 24338 --- [CrudRestJPADemo] [           main] c.m.s.a.CrudRestJpaDemoApplicationTests  : Running with Spring Boot v3.5.7, Spring v6.2.12
2025-11-28T12:10:58.466-03:00  INFO 24338 --- [CrudRestJPADemo] [           main] c.m.s.a.CrudRestJpaDemoApplicationTests  : No active profile set, falling back to 1 default profile: "default"
2025-11-28T12:10:58.951-03:00  INFO 24338 --- [CrudRestJPADemo] [           main] .s.d.r.c.RepositoryConfigurationDelegate : Bootstrapping Spring Data JPA repositories in DEFAULT mode.
2025-11-28T12:10:58.999-03:00  INFO 24338 --- [CrudRestJPADemo] [           main] .s.d.r.c.RepositoryConfigurationDelegate : Finished Spring Data repository scanning in 42 ms. Found 4 JPA repository interfaces.
2025-11-28T12:10:59.298-03:00  INFO 24338 --- [CrudRestJPADemo] [           main] o.hibernate.jpa.internal.util.LogHelper  : HHH000204: Processing PersistenceUnitInfo [name: default]
2025-11-28T12:10:59.319-03:00  INFO 24338 --- [CrudRestJPADemo] [           main] org.hibernate.Version                    : HHH000412: Hibernate ORM core version 6.6.33.Final
2025-11-28T12:10:59.335-03:00  INFO 24338 --- [CrudRestJPADemo] [           main] o.h.c.internal.RegionFactoryInitiator    : HHH000026: Second-level cache disabled
2025-11-28T12:10:59.474-03:00  INFO 24338 --- [CrudRestJPADemo] [           main] o.s.o.j.p.SpringPersistenceUnitInfo      : No LoadTimeWeaver setup: ignoring JPA class transformer
2025-11-28T12:10:59.490-03:00  INFO 24338 --- [CrudRestJPADemo] [           main] com.zaxxer.hikari.HikariDataSource       : HikariPool-1 - Starting...
2025-11-28T12:10:59.705-03:00  INFO 24338 --- [CrudRestJPADemo] [           main] com.zaxxer.hikari.pool.HikariPool        : HikariPool-1 - Added connection com.mysql.cj.jdbc.ConnectionImpl@4bab78ce
2025-11-28T12:10:59.707-03:00  INFO 24338 --- [CrudRestJPADemo] [           main] com.zaxxer.hikari.HikariDataSource       : HikariPool-1 - Start completed.
2025-11-28T12:10:59.738-03:00  WARN 24338 --- [CrudRestJPADemo] [           main] org.hibernate.orm.deprecation            : HHH90000025: MySQLDialect does not need to be specified explicitly using 'hibernate.dialect' (remove the property setting and it will be selected by default)
2025-11-28T12:10:59.748-03:00  INFO 24338 --- [CrudRestJPADemo] [           main] org.hibernate.orm.connections.pooling    : HHH10001005: Database info:
	Database JDBC URL [Connecting through datasource 'HikariDataSource (HikariPool-1)']
	Database driver: undefined/unknown
	Database version: 8.0.44
	Autocommit mode: undefined/unknown
	Isolation level: undefined/unknown
	Minimum pool size: undefined/unknown
	Maximum pool size: undefined/unknown
2025-11-28T12:11:00.205-03:00  INFO 24338 --- [CrudRestJPADemo] [           main] o.h.e.t.j.p.i.JtaPlatformInitiator       : HHH000489: No JTA platform available (set 'hibernate.transaction.jta.platform' to enable JTA platform integration)
2025-11-28T12:11:00.260-03:00  INFO 24338 --- [CrudRestJPADemo] [           main] j.LocalContainerEntityManagerFactoryBean : Initialized JPA EntityManagerFactory for persistence unit 'default'
2025-11-28T12:11:00.424-03:00  INFO 24338 --- [CrudRestJPADemo] [           main] o.s.d.j.r.query.QueryEnhancerFactory     : Hibernate is in classpath; If applicable, HQL parser will be used.
2025-11-28T12:11:00.946-03:00  WARN 24338 --- [CrudRestJPADemo] [           main] JpaBaseConfiguration$JpaWebConfiguration : spring.jpa.open-in-view is enabled by default. Therefore, database queries may be performed during view rendering. Explicitly configure spring.jpa.open-in-view to disable this warning
2025-11-28T12:11:00.978-03:00  INFO 24338 --- [CrudRestJPADemo] [           main] o.s.b.a.w.s.WelcomePageHandlerMapping    : Adding welcome page: class path resource [static/index.html]
2025-11-28T12:11:01.148-03:00  INFO 24338 --- [CrudRestJPADemo] [           main] eAuthenticationProviderManagerConfigurer : Global AuthenticationManager configured with AuthenticationProvider bean with name authenticationProvider
2025-11-28T12:11:01.148-03:00  WARN 24338 --- [CrudRestJPADemo] [           main] r$InitializeUserDetailsManagerConfigurer : Global AuthenticationManager configured with an AuthenticationProvider bean. UserDetailsService beans will not be used by Spring Security for automatically configuring username/password login. Consider removing the AuthenticationProvider bean. Alternatively, consider using the UserDetailsService in a manually instantiated DaoAuthenticationProvider. If the current configuration is intentional, to turn off this warning, increase the logging level of 'org.springframework.security.config.annotation.authentication.configuration.InitializeUserDetailsBeanManagerConfigurer' to ERROR
2025-11-28T12:11:01.212-03:00 DEBUG 24338 --- [CrudRestJPADemo] [           main] o.s.s.web.DefaultSecurityFilterChain     : Will secure any request with filters: DisableEncodeUrlFilter, WebAsyncManagerIntegrationFilter, SecurityContextHolderFilter, HeaderWriterFilter, CsrfFilter, LogoutFilter, UsernamePasswordAuthenticationFilter, RequestCacheAwareFilter, SecurityContextHolderAwareRequestFilter, AnonymousAuthenticationFilter, ExceptionTranslationFilter, AuthorizationFilter
2025-11-28T12:11:01.484-03:00  INFO 24338 --- [CrudRestJPADemo] [           main] c.m.s.a.CrudRestJpaDemoApplicationTests  : Started CrudRestJpaDemoApplicationTests in 3.225 seconds (process running for 3.752)
2025-11-28T12:11:01.525-03:00 DEBUG 24338 --- [CrudRestJPADemo] [           main] org.hibernate.SQL                        : 
    select
        count(*) 
    from
        usuarios u1_0
Hibernate: 
    select
        count(*) 
    from
        usuarios u1_0
=== Banco já possui dados, pulando inicialização ===
2025-11-28T12:11:01.534-03:00  WARN 24338 --- [CrudRestJPADemo] [           main] o.s.core.events.SpringDocAppInitializer  : SpringDoc /v3/api-docs endpoint is enabled by default. To disable it in production, set the property 'springdoc.api-docs.enabled=false'
2025-11-28T12:11:01.535-03:00  WARN 24338 --- [CrudRestJPADemo] [           main] o.s.core.events.SpringDocAppInitializer  : SpringDoc /swagger-ui.html endpoint is enabled by default. To disable it in production, set the property 'springdoc.swagger-ui.enabled=false'
]]></system-out>
    <system-err><![CDATA[Mockito is currently self-attaching to enable the inline-mock-maker. This will no longer work in future releases of the JDK. Please add Mockito as an agent to your build as described in Mockito's documentation: https://javadoc.io/doc/org.mockito/mockito-core/latest/org.mockito/org/mockito/Mockito.html#0.3
WARNING: A Java agent has been loaded dynamically (/home/pedrofinochio/.m2/repository/net/bytebuddy/byte-buddy-agent/1.17.8/byte-buddy-agent-1.17.8.jar)
WARNING: If a serviceability tool is in use, please run with -XX:+EnableDynamicAgentLoading to hide this warning
WARNING: If a serviceability tool is not in use, please run with -Djdk.instrument.traceUsage for more information
WARNING: Dynamic loading of agents will be disallowed by default in a future release
]]></system-err>
  </testcase>
</testsuite>